23:04:17.840 INFO  - Starting InstitutionServiceApplication using Java 21.0.2 with PID 99260 (/home/patrick-badran/patrickbadran/Projects/patrick/institution-service/target/classes started by patrick-badran in /home/patrick-badran/patrickbadran/Projects/patrick/institution-service)
23:04:17.846 INFO  - No active profile set, falling back to 1 default profile: "default"
23:04:20.975 WARN  - spring.jpa.open-in-view is enabled by default. Therefore, database queries may be performed during view rendering. Explicitly configure spring.jpa.open-in-view to disable this warning
23:04:21.459 INFO  - Started InstitutionServiceApplication in 3.867 seconds (process running for 4.754)
23:04:42.717 INFO  - Enter Method InstitutionController.addInstitution Params: [org.apache.catalina.connector.RequestFacade@3cee385, InstitutionDto(id=null, institutionCode=3254, institutionName=6787825556, institutionStatus=0)]
23:04:42.774 INFO  - Return Method InstitutionImpl.addUpdateInstitution Result: BaseResponse(entity=com.mdsl.institutionservice.entity.InstitutionEntity@57b953f9, message=null, developerMessage=Success, statusCode=0, timestamp=2024-05-17T23:04:42.718288121).
23:04:47.728 INFO  - Enter Method InstitutionController.getInstitution Params: [org.apache.catalina.connector.RequestFacade@74d2c290, 1, null]
23:04:47.788 INFO  - Return Method InstitutionImpl.getInstitution Result: BaseResponse(entity=[com.mdsl.institutionservice.entity.InstitutionEntity@5a55137c], message=null, developerMessage=Success, statusCode=0, timestamp=2024-05-17T23:04:47.729376930).
23:06:20.913 INFO  - Starting InstitutionServiceApplication using Java 21.0.2 with PID 99737 (/home/patrick-badran/patrickbadran/Projects/patrick/institution-service/target/classes started by patrick-badran in /home/patrick-badran/patrickbadran/Projects/patrick/institution-service)
23:06:20.919 INFO  - No active profile set, falling back to 1 default profile: "default"
23:06:23.832 WARN  - spring.jpa.open-in-view is enabled by default. Therefore, database queries may be performed during view rendering. Explicitly configure spring.jpa.open-in-view to disable this warning
23:06:24.237 INFO  - Started InstitutionServiceApplication in 3.574 seconds (process running for 4.342)
23:06:38.270 INFO  - Enter Method InstitutionController.addInstitution Params: [org.apache.catalina.connector.RequestFacade@38be82b3, InstitutionDto(id=null, institutionCode=3254, institutionName=6787825556, institutionStatus=0)]
23:06:38.328 INFO  - Return Method InstitutionImpl.addUpdateInstitution Result: BaseResponse(entity=com.mdsl.institutionservice.entity.InstitutionEntity@639a7491, message=null, developerMessage=Success, statusCode=0, timestamp=2024-05-17T23:06:38.272084535).
23:06:44.266 ERROR - An unexpected error occurred: JSON parse error: Unexpected character ('"' (code 34)): was expecting comma to separate Object entries
org.springframework.http.converter.HttpMessageNotReadableException: JSON parse error: Unexpected character ('"' (code 34)): was expecting comma to separate Object entries
	at org.springframework.http.converter.json.AbstractJackson2HttpMessageConverter.readJavaType(AbstractJackson2HttpMessageConverter.java:406) ~[spring-web-6.1.6.jar:6.1.6]
	at org.springframework.http.converter.json.AbstractJackson2HttpMessageConverter.read(AbstractJackson2HttpMessageConverter.java:354) ~[spring-web-6.1.6.jar:6.1.6]
	at org.springframework.web.servlet.mvc.method.annotation.AbstractMessageConverterMethodArgumentResolver.readWithMessageConverters(AbstractMessageConverterMethodArgumentResolver.java:184) ~[spring-webmvc-6.1.6.jar:6.1.6]
	at org.springframework.web.servlet.mvc.method.annotation.RequestResponseBodyMethodProcessor.readWithMessageConverters(RequestResponseBodyMethodProcessor.java:161) ~[spring-webmvc-6.1.6.jar:6.1.6]
	at org.springframework.web.servlet.mvc.method.annotation.RequestResponseBodyMethodProcessor.resolveArgument(RequestResponseBodyMethodProcessor.java:135) ~[spring-webmvc-6.1.6.jar:6.1.6]
	at org.springframework.web.method.support.HandlerMethodArgumentResolverComposite.resolveArgument(HandlerMethodArgumentResolverComposite.java:122) ~[spring-web-6.1.6.jar:6.1.6]
	at org.springframework.web.method.support.InvocableHandlerMethod.getMethodArgumentValues(InvocableHandlerMethod.java:224) ~[spring-web-6.1.6.jar:6.1.6]
	at org.springframework.web.method.support.InvocableHandlerMethod.invokeForRequest(InvocableHandlerMethod.java:178) ~[spring-web-6.1.6.jar:6.1.6]
	at org.springframework.web.servlet.mvc.method.annotation.ServletInvocableHandlerMethod.invokeAndHandle(ServletInvocableHandlerMethod.java:118) ~[spring-webmvc-6.1.6.jar:6.1.6]
	at org.springframework.web.servlet.mvc.method.annotation.RequestMappingHandlerAdapter.invokeHandlerMethod(RequestMappingHandlerAdapter.java:926) ~[spring-webmvc-6.1.6.jar:6.1.6]
	at org.springframework.web.servlet.mvc.method.annotation.RequestMappingHandlerAdapter.handleInternal(RequestMappingHandlerAdapter.java:831) ~[spring-webmvc-6.1.6.jar:6.1.6]
	at org.springframework.web.servlet.mvc.method.AbstractHandlerMethodAdapter.handle(AbstractHandlerMethodAdapter.java:87) ~[spring-webmvc-6.1.6.jar:6.1.6]
	at org.springframework.web.servlet.DispatcherServlet.doDispatch(DispatcherServlet.java:1089) ~[spring-webmvc-6.1.6.jar:6.1.6]
	at org.springframework.web.servlet.DispatcherServlet.doService(DispatcherServlet.java:979) ~[spring-webmvc-6.1.6.jar:6.1.6]
	at org.springframework.web.servlet.FrameworkServlet.processRequest(FrameworkServlet.java:1014) ~[spring-webmvc-6.1.6.jar:6.1.6]
	at org.springframework.web.servlet.FrameworkServlet.doPost(FrameworkServlet.java:914) ~[spring-webmvc-6.1.6.jar:6.1.6]
	at jakarta.servlet.http.HttpServlet.service(HttpServlet.java:590) ~[tomcat-embed-core-10.1.20.jar:6.0]
	at org.springframework.web.servlet.FrameworkServlet.service(FrameworkServlet.java:885) ~[spring-webmvc-6.1.6.jar:6.1.6]
	at jakarta.servlet.http.HttpServlet.service(HttpServlet.java:658) ~[tomcat-embed-core-10.1.20.jar:6.0]
	at org.apache.catalina.core.ApplicationFilterChain.internalDoFilter(ApplicationFilterChain.java:206) ~[tomcat-embed-core-10.1.20.jar:10.1.20]
	at org.apache.catalina.core.ApplicationFilterChain.doFilter(ApplicationFilterChain.java:150) ~[tomcat-embed-core-10.1.20.jar:10.1.20]
	at org.apache.tomcat.websocket.server.WsFilter.doFilter(WsFilter.java:51) ~[tomcat-embed-websocket-10.1.20.jar:10.1.20]
	at org.apache.catalina.core.ApplicationFilterChain.internalDoFilter(ApplicationFilterChain.java:175) ~[tomcat-embed-core-10.1.20.jar:10.1.20]
	at org.apache.catalina.core.ApplicationFilterChain.doFilter(ApplicationFilterChain.java:150) ~[tomcat-embed-core-10.1.20.jar:10.1.20]
	at org.springframework.web.filter.RequestContextFilter.doFilterInternal(RequestContextFilter.java:100) ~[spring-web-6.1.6.jar:6.1.6]
	at org.springframework.web.filter.OncePerRequestFilter.doFilter(OncePerRequestFilter.java:116) ~[spring-web-6.1.6.jar:6.1.6]
	at org.apache.catalina.core.ApplicationFilterChain.internalDoFilter(ApplicationFilterChain.java:175) ~[tomcat-embed-core-10.1.20.jar:10.1.20]
	at org.apache.catalina.core.ApplicationFilterChain.doFilter(ApplicationFilterChain.java:150) ~[tomcat-embed-core-10.1.20.jar:10.1.20]
	at org.springframework.web.filter.FormContentFilter.doFilterInternal(FormContentFilter.java:93) ~[spring-web-6.1.6.jar:6.1.6]
	at org.springframework.web.filter.OncePerRequestFilter.doFilter(OncePerRequestFilter.java:116) ~[spring-web-6.1.6.jar:6.1.6]
	at org.apache.catalina.core.ApplicationFilterChain.internalDoFilter(ApplicationFilterChain.java:175) ~[tomcat-embed-core-10.1.20.jar:10.1.20]
	at org.apache.catalina.core.ApplicationFilterChain.doFilter(ApplicationFilterChain.java:150) ~[tomcat-embed-core-10.1.20.jar:10.1.20]
	at org.springframework.web.filter.CharacterEncodingFilter.doFilterInternal(CharacterEncodingFilter.java:201) ~[spring-web-6.1.6.jar:6.1.6]
	at org.springframework.web.filter.OncePerRequestFilter.doFilter(OncePerRequestFilter.java:116) ~[spring-web-6.1.6.jar:6.1.6]
	at org.apache.catalina.core.ApplicationFilterChain.internalDoFilter(ApplicationFilterChain.java:175) ~[tomcat-embed-core-10.1.20.jar:10.1.20]
	at org.apache.catalina.core.ApplicationFilterChain.doFilter(ApplicationFilterChain.java:150) ~[tomcat-embed-core-10.1.20.jar:10.1.20]
	at org.apache.catalina.core.StandardWrapperValve.invoke(StandardWrapperValve.java:167) ~[tomcat-embed-core-10.1.20.jar:10.1.20]
	at org.apache.catalina.core.StandardContextValve.invoke(StandardContextValve.java:90) ~[tomcat-embed-core-10.1.20.jar:10.1.20]
	at org.apache.catalina.authenticator.AuthenticatorBase.invoke(AuthenticatorBase.java:482) ~[tomcat-embed-core-10.1.20.jar:10.1.20]
	at org.apache.catalina.core.StandardHostValve.invoke(StandardHostValve.java:115) ~[tomcat-embed-core-10.1.20.jar:10.1.20]
	at org.apache.catalina.valves.ErrorReportValve.invoke(ErrorReportValve.java:93) ~[tomcat-embed-core-10.1.20.jar:10.1.20]
	at org.apache.catalina.core.StandardEngineValve.invoke(StandardEngineValve.java:74) ~[tomcat-embed-core-10.1.20.jar:10.1.20]
	at org.apache.catalina.connector.CoyoteAdapter.service(CoyoteAdapter.java:344) ~[tomcat-embed-core-10.1.20.jar:10.1.20]
	at org.apache.coyote.http11.Http11Processor.service(Http11Processor.java:391) ~[tomcat-embed-core-10.1.20.jar:10.1.20]
	at org.apache.coyote.AbstractProcessorLight.process(AbstractProcessorLight.java:63) ~[tomcat-embed-core-10.1.20.jar:10.1.20]
	at org.apache.coyote.AbstractProtocol$ConnectionHandler.process(AbstractProtocol.java:896) ~[tomcat-embed-core-10.1.20.jar:10.1.20]
	at org.apache.tomcat.util.net.NioEndpoint$SocketProcessor.doRun(NioEndpoint.java:1736) ~[tomcat-embed-core-10.1.20.jar:10.1.20]
	at org.apache.tomcat.util.net.SocketProcessorBase.run(SocketProcessorBase.java:52) ~[tomcat-embed-core-10.1.20.jar:10.1.20]
	at org.apache.tomcat.util.threads.ThreadPoolExecutor.runWorker(ThreadPoolExecutor.java:1191) ~[tomcat-embed-core-10.1.20.jar:10.1.20]
	at org.apache.tomcat.util.threads.ThreadPoolExecutor$Worker.run(ThreadPoolExecutor.java:659) ~[tomcat-embed-core-10.1.20.jar:10.1.20]
	at org.apache.tomcat.util.threads.TaskThread$WrappingRunnable.run(TaskThread.java:63) ~[tomcat-embed-core-10.1.20.jar:10.1.20]
	at java.base/java.lang.Thread.run(Thread.java:1583) [?:?]
Caused by: com.fasterxml.jackson.core.JsonParseException: Unexpected character ('"' (code 34)): was expecting comma to separate Object entries
 at [Source: (org.springframework.util.StreamUtils$NonClosingInputStream); line: 3, column: 4]
	at com.fasterxml.jackson.core.JsonParser._constructError(JsonParser.java:2477) ~[jackson-core-2.15.4.jar:2.15.4]
	at com.fasterxml.jackson.core.base.ParserMinimalBase._reportError(ParserMinimalBase.java:750) ~[jackson-core-2.15.4.jar:2.15.4]
	at com.fasterxml.jackson.core.base.ParserMinimalBase._reportUnexpectedChar(ParserMinimalBase.java:674) ~[jackson-core-2.15.4.jar:2.15.4]
	at com.fasterxml.jackson.core.json.UTF8StreamJsonParser.nextFieldName(UTF8StreamJsonParser.java:1062) ~[jackson-core-2.15.4.jar:2.15.4]
	at com.fasterxml.jackson.databind.deser.BeanDeserializer.deserializeFromObject(BeanDeserializer.java:399) ~[jackson-databind-2.15.4.jar:2.15.4]
	at com.fasterxml.jackson.databind.deser.BeanDeserializer.deserialize(BeanDeserializer.java:185) ~[jackson-databind-2.15.4.jar:2.15.4]
	at com.fasterxml.jackson.databind.deser.DefaultDeserializationContext.readRootValue(DefaultDeserializationContext.java:323) ~[jackson-databind-2.15.4.jar:2.15.4]
	at com.fasterxml.jackson.databind.ObjectReader._bindAndClose(ObjectReader.java:2105) ~[jackson-databind-2.15.4.jar:2.15.4]
	at com.fasterxml.jackson.databind.ObjectReader.readValue(ObjectReader.java:1481) ~[jackson-databind-2.15.4.jar:2.15.4]
	at org.springframework.http.converter.json.AbstractJackson2HttpMessageConverter.readJavaType(AbstractJackson2HttpMessageConverter.java:395) ~[spring-web-6.1.6.jar:6.1.6]
	... 51 more
23:07:27.599 INFO  - Enter Method InstitutionController.addInstitution Params: [org.apache.catalina.connector.RequestFacade@2066577f, InstitutionDto(id=1, institutionCode=null, institutionName=null, institutionStatus=1)]
23:07:27.638 INFO  - Return Method InstitutionImpl.addUpdateInstitution Result: BaseResponse(entity=com.mdsl.institutionservice.entity.InstitutionEntity@596a301f, message=null, developerMessage=Success, statusCode=0, timestamp=2024-05-17T23:07:27.599636321).
23:07:35.086 INFO  - Enter Method InstitutionController.addInstitution Params: [org.apache.catalina.connector.RequestFacade@1a939912, InstitutionDto(id=1, institutionCode=null, institutionName=null, institutionStatus=0)]
23:07:35.089 INFO  - Return Method InstitutionImpl.addUpdateInstitution Result: BaseResponse(entity=com.mdsl.institutionservice.entity.InstitutionEntity@6abf0916, message=null, developerMessage=Success, statusCode=0, timestamp=2024-05-17T23:07:35.087042678).
23:07:56.224 INFO  - Enter Method InstitutionController.addInstitution Params: [org.apache.catalina.connector.RequestFacade@4acef2e9, InstitutionDto(id=1, institutionCode=325213131234, institutionName=678782555695984598496945645, institutionStatus=null)]
23:08:04.217 INFO  - Enter Method InstitutionController.addInstitution Params: [org.apache.catalina.connector.RequestFacade@67fe12bf, InstitutionDto(id=1, institutionCode=88772, institutionName=678782555695984598496945645, institutionStatus=null)]
23:08:04.220 INFO  - Return Method InstitutionImpl.addUpdateInstitution Result: BaseResponse(entity=com.mdsl.institutionservice.entity.InstitutionEntity@172f1a4a, message=null, developerMessage=Success, statusCode=0, timestamp=2024-05-17T23:08:04.218085348).
23:08:11.102 INFO  - Enter Method InstitutionController.getInstitution Params: [org.apache.catalina.connector.RequestFacade@26235a00, null, null]
23:08:11.148 INFO  - Return Method InstitutionImpl.getInstitution Result: BaseResponse(entity=[com.mdsl.institutionservice.entity.InstitutionEntity@395dddd9], message=null, developerMessage=Success, statusCode=0, timestamp=2024-05-17T23:08:11.103174541).
23:11:00.803 INFO  - Enter Method InstitutionController.addInstitution Params: [org.apache.catalina.connector.RequestFacade@65f41211, InstitutionDto(id=0, institutionCode=88772, institutionName=678782555695984598496945645, institutionStatus=null)]
23:11:29.976 INFO  - Enter Method InstitutionController.addInstitution Params: [org.apache.catalina.connector.RequestFacade@1b8eb899, InstitutionDto(id=0, institutionCode=11111, institutionName=6565656565656, institutionStatus=1)]
23:11:29.977 INFO  - Return Method InstitutionImpl.addUpdateInstitution Result: BaseResponse(entity=com.mdsl.institutionservice.entity.InstitutionEntity@5ab3b2a2, message=null, developerMessage=Success, statusCode=0, timestamp=2024-05-17T23:11:29.976500415).
23:11:40.591 INFO  - Enter Method InstitutionController.getInstitution Params: [org.apache.catalina.connector.RequestFacade@6c557ac7, null, null]
23:11:40.594 INFO  - Return Method InstitutionImpl.getInstitution Result: BaseResponse(entity=[com.mdsl.institutionservice.entity.InstitutionEntity@20d13c3d, com.mdsl.institutionservice.entity.InstitutionEntity@26afdd78], message=null, developerMessage=Success, statusCode=0, timestamp=2024-05-17T23:11:40.592193628).
23:16:40.225 INFO  - Starting InstitutionServiceApplication using Java 21.0.2 with PID 101300 (/home/patrick-badran/patrickbadran/Projects/patrick/institution-service/target/classes started by patrick-badran in /home/patrick-badran/patrickbadran/Projects/patrick/institution-service)
23:16:40.230 INFO  - No active profile set, falling back to 1 default profile: "default"
23:16:43.550 WARN  - spring.jpa.open-in-view is enabled by default. Therefore, database queries may be performed during view rendering. Explicitly configure spring.jpa.open-in-view to disable this warning
23:16:44.015 INFO  - Started InstitutionServiceApplication in 4.03 seconds (process running for 4.9)
23:17:01.438 INFO  - Enter Method InstitutionController.getInstitution Params: [org.apache.catalina.connector.RequestFacade@24428470, null, null]
23:17:01.526 INFO  - Return Method InstitutionImpl.getInstitution Result: BaseResponse(entity=[], message=null, developerMessage=Success, statusCode=0, timestamp=2024-05-17T23:17:01.440623562).
23:17:05.231 INFO  - Enter Method InstitutionController.addInstitution Params: [org.apache.catalina.connector.RequestFacade@21e2d5bc, InstitutionDto(id=0, institutionCode=11111, institutionName=6565656565656, institutionStatus=1)]
23:17:05.267 INFO  - Return Method InstitutionImpl.addOrUpdateInstitution Result: BaseResponse(entity=com.mdsl.institutionservice.entity.InstitutionEntity@1f67165, message=Institution added successfully, developerMessage=Success, statusCode=0, timestamp=2024-05-17T23:17:05.232019305).
23:17:14.901 INFO  - Enter Method InstitutionController.addInstitution Params: [org.apache.catalina.connector.RequestFacade@5ec38ac5, InstitutionDto(id=0, institutionCode=345435, institutionName=56457456765476, institutionStatus=0)]
23:17:22.709 INFO  - Enter Method InstitutionController.addInstitution Params: [org.apache.catalina.connector.RequestFacade@2e4b05f0, InstitutionDto(id=0, institutionCode=345435, institutionName=56457456765476, institutionStatus=0)]
23:17:27.863 INFO  - Enter Method InstitutionController.addInstitution Params: [org.apache.catalina.connector.RequestFacade@10385dfa, InstitutionDto(id=0, institutionCode=77788, institutionName=56457456765476, institutionStatus=0)]
23:17:27.865 INFO  - Return Method InstitutionImpl.addOrUpdateInstitution Result: BaseResponse(entity=com.mdsl.institutionservice.entity.InstitutionEntity@510557c1, message=Institution added successfully, developerMessage=Success, statusCode=0, timestamp=2024-05-17T23:17:27.864472580).
23:17:37.819 INFO  - Enter Method InstitutionController.getInstitution Params: [org.apache.catalina.connector.RequestFacade@1cb87874, null, null]
23:17:37.826 INFO  - Return Method InstitutionImpl.getInstitution Result: BaseResponse(entity=[com.mdsl.institutionservice.entity.InstitutionEntity@35872266, com.mdsl.institutionservice.entity.InstitutionEntity@2335b053], message=null, developerMessage=Success, statusCode=0, timestamp=2024-05-17T23:17:37.819893715).
23:17:52.402 INFO  - Enter Method InstitutionController.addInstitution Params: [org.apache.catalina.connector.RequestFacade@9b66fef, InstitutionDto(id=1, institutionCode=88888, institutionName=null, institutionStatus=null)]
23:17:52.419 INFO  - Return Method InstitutionImpl.addOrUpdateInstitution Result: BaseResponse(entity=com.mdsl.institutionservice.entity.InstitutionEntity@7882130d, message=Institution updated successfully, developerMessage=Success, statusCode=0, timestamp=2024-05-17T23:17:52.402982254).
23:18:01.425 INFO  - Enter Method InstitutionController.getInstitution Params: [org.apache.catalina.connector.RequestFacade@98caf73, null, null]
23:18:01.426 INFO  - Return Method InstitutionImpl.getInstitution Result: BaseResponse(entity=[com.mdsl.institutionservice.entity.InstitutionEntity@79b32b44, com.mdsl.institutionservice.entity.InstitutionEntity@6dc02912], message=null, developerMessage=Success, statusCode=0, timestamp=2024-05-17T23:18:01.425451540).
23:18:15.577 INFO  - Enter Method InstitutionController.addInstitution Params: [org.apache.catalina.connector.RequestFacade@17f7bc4d, InstitutionDto(id=0, institutionCode=88888, institutionName=null, institutionStatus=null)]
23:18:24.820 INFO  - Enter Method InstitutionController.addInstitution Params: [org.apache.catalina.connector.RequestFacade@57fb5089, InstitutionDto(id=0, institutionCode=11122, institutionName=22222, institutionStatus=0)]
23:18:24.822 INFO  - Return Method InstitutionImpl.addOrUpdateInstitution Result: BaseResponse(entity=com.mdsl.institutionservice.entity.InstitutionEntity@16c65ab2, message=Institution added successfully, developerMessage=Success, statusCode=0, timestamp=2024-05-17T23:18:24.820787501).
23:39:05.851 INFO  - Starting InstitutionServiceApplication using Java 21.0.2 with PID 106740 (/home/patrick-badran/patrickbadran/Projects/patrick/institution-service/target/classes started by patrick-badran in /home/patrick-badran/patrickbadran/Projects/patrick/institution-service)
23:39:05.860 INFO  - No active profile set, falling back to 1 default profile: "default"
23:39:09.234 WARN  - spring.jpa.open-in-view is enabled by default. Therefore, database queries may be performed during view rendering. Explicitly configure spring.jpa.open-in-view to disable this warning
23:39:09.720 INFO  - Started InstitutionServiceApplication in 4.152 seconds (process running for 5.314)
23:39:22.700 INFO  - Enter Method InstitutionController.addInstitution Params: [org.apache.catalina.connector.RequestFacade@6eb9f5e5, InstitutionDto(id=0, institutionCode=11122, institutionName=22222, institutionStatus=0)]
23:39:22.747 INFO  - Return Method InstitutionImpl.addOrUpdateInstitution Result: BaseResponse(entity=com.mdsl.institutionservice.entity.InstitutionEntity@7338278f, message=Institution added successfully, developerMessage=Success, statusCode=0, timestamp=2024-05-17T23:39:22.701653046).
23:39:31.045 INFO  - Enter Method InstitutionController.addInstitution Params: [org.apache.catalina.connector.RequestFacade@6a57f60, InstitutionDto(id=0, institutionCode=5433, institutionName=534543534534, institutionStatus=1)]
23:39:31.047 INFO  - Return Method InstitutionImpl.addOrUpdateInstitution Result: BaseResponse(entity=com.mdsl.institutionservice.entity.InstitutionEntity@4798755b, message=Institution added successfully, developerMessage=Success, statusCode=0, timestamp=2024-05-17T23:39:31.046445775).
23:39:40.365 INFO  - Enter Method InstitutionController.addInstitution Params: [org.apache.catalina.connector.RequestFacade@636228b7, InstitutionDto(id=0, institutionCode=186, institutionName=047262399234923, institutionStatus=1)]
23:39:40.367 INFO  - Return Method InstitutionImpl.addOrUpdateInstitution Result: BaseResponse(entity=com.mdsl.institutionservice.entity.InstitutionEntity@225f228c, message=Institution added successfully, developerMessage=Success, statusCode=0, timestamp=2024-05-17T23:39:40.365961160).
23:39:44.738 INFO  - Enter Method InstitutionController.getInstitution Params: [org.apache.catalina.connector.RequestFacade@6357ec0f, null, null]
23:39:44.794 INFO  - Return Method InstitutionImpl.getInstitution Result: BaseResponse(entity=[com.mdsl.institutionservice.entity.InstitutionEntity@293559de, com.mdsl.institutionservice.entity.InstitutionEntity@73bc7378, com.mdsl.institutionservice.entity.InstitutionEntity@f8df4b6], message=Institutions retrieved successfully, developerMessage=Success, statusCode=0, timestamp=2024-05-17T23:39:44.738936819).
23:39:54.130 INFO  - Enter Method InstitutionController.deleteInstitution Params: [org.apache.catalina.connector.RequestFacade@535a9da8, 1]
23:39:54.152 INFO  - Return Method InstitutionImpl.deleteInstitution Result: BaseResponse(entity=null, message=Institution deleted successfully, developerMessage=Success, statusCode=0, timestamp=2024-05-17T23:39:54.131357139).
23:39:59.521 INFO  - Enter Method InstitutionController.getInstitution Params: [org.apache.catalina.connector.RequestFacade@2f8e16d4, null, null]
23:39:59.523 INFO  - Return Method InstitutionImpl.getInstitution Result: BaseResponse(entity=[com.mdsl.institutionservice.entity.InstitutionEntity@6d6b0994, com.mdsl.institutionservice.entity.InstitutionEntity@633a77a9], message=Institutions retrieved successfully, developerMessage=Success, statusCode=0, timestamp=2024-05-17T23:39:59.521760398).
